<?xml version="1.0" encoding="UTF-8"?>
<!-- Generated by org.testng.reporters.JUnitReportReporter -->
<testsuite hostname="LAPTOP-BRMLVQ54" failures="0" tests="3" name="test.CartTests" time="11.849" errors="0" timestamp="2025-07-24T17:50:39 IST" skipped="0">
  <testcase classname="test.CartTests" name="addItemsToCartAndVerify" time="5.417"/>
  <testcase classname="test.CartTests" name="deleteCartItem" time="5.199"/>
  <testcase classname="test.CartTests" name="getCartDetails" time="1.233"/>
</testsuite> <!-- test.CartTests -->
