<?xml version="1.0" encoding="UTF-8"?>
<!-- Generated by org.testng.reporters.JUnitReportReporter -->
<testsuite hostname="LAPTOP-BRMLVQ54" failures="0" tests="2" name="test.AuthTests" time="4.671" errors="0" timestamp="2025-07-24T17:42:22 IST" skipped="0">
  <testcase classname="test.AuthTests" name="loginWithValidCredentials" time="3.804"/>
  <testcase classname="test.AuthTests" name="loginWithInvalidCredentials" time="0.867"/>
</testsuite> <!-- test.AuthTests -->
