<?xml version="1.0" encoding="UTF-8"?>
<!-- Generated by org.testng.reporters.JUnitReportReporter -->
<testsuite hostname="LAPTOP-BRMLVQ54" failures="0" tests="1" name="tests.ProductFilterTests" time="2.150" errors="0" timestamp="2025-07-24T13:47:43 IST" skipped="0">
  <testcase classname="tests.ProductFilterTests" name="sortProductsLowToHigh" time="2.150"/>
</testsuite> <!-- tests.ProductFilterTests -->
