<?xml version="1.0" encoding="UTF-8"?>
<!-- Generated by org.testng.reporters.JUnitReportReporter -->
<testsuite hostname="LAPTOP-BRMLVQ54" failures="0" tests="2" name="tests.LoginTests" time="7.185" errors="0" timestamp="2025-07-24T18:10:39 IST" skipped="0">
  <testcase classname="tests.LoginTests" name="invalidLoginTest" time="3.331"/>
  <testcase classname="tests.LoginTests" name="validLoginTest" time="3.854"/>
</testsuite> <!-- tests.LoginTests -->
