<?xml version="1.0" encoding="UTF-8"?>
<!-- Generated by org.testng.reporters.JUnitReportReporter -->
<testsuite hostname="LAPTOP-BRMLVQ54" failures="0" tests="2" name="tests.EdgeCaseTests" time="7.258" errors="0" timestamp="2025-07-24T14:28:42 IST" skipped="0">
  <testcase classname="tests.EdgeCaseTests" name="checkoutWithEmptyCart" time="3.122"/>
  <testcase classname="tests.EdgeCaseTests" name="responsiveUITest" time="4.136"/>
</testsuite> <!-- tests.EdgeCaseTests -->
