<?xml version="1.0" encoding="UTF-8"?>
<!-- Generated by org.testng.reporters.JUnitReportReporter -->
<testsuite hostname="LAPTOP-BRMLVQ54" failures="0" tests="1" name="tests.CartTests" time="5.668" errors="0" timestamp="2025-07-24T13:48:56 IST" skipped="0">
  <testcase classname="tests.CartTests" name="addRemoveProductFromCart" time="5.668"/>
</testsuite> <!-- tests.CartTests -->
